Arguments: 
  C:\Program Files\nodejs\node.exe C:\Users\Natan\AppData\Roaming\npm\node_modules\yarn\bin\yarn.js add typescriot

PATH: 
  C:\Program Files\Common Files\Oracle\Java\javapath;C:\Program Files (x86)\Common Files\Oracle\Java\javapath;C:\Windows\system32;C:\Windows;C:\Windows\System32\Wbem;C:\Windows\System32\WindowsPowerShell\v1.0\;C:\Windows\System32\OpenSSH\;C:\Program Files\Git\cmd;C:\src\flutter\bin;C:\Program Files\Java\jdk-11.0.17\bin;C:\Program Files\Docker\Docker\resources\bin;C:\ProgramData\DockerDesktop\version-bin;C:\Program Files\Go\bin;C:\Program Files\dotnet\;C:\Program Files (x86)\dotnet\;C:\Program Files\Java\jdk-17\bin;C:\apache-maven-3.9.1\bin;C:\Users\Natan\AppData\Roaming\nvm;C:\Program Files\nodejs;C:\Gradle\gradle-6.4.1\bin;C:\mongosh-1.10.5-win32-x64\bin;C:\Program Files\nodejs\;C:\ProgramData\chocolatey\bin;C:\Users\Natan\AppData\Local\Microsoft\WindowsApps;C:\Users\Natan\AppData\Local\Programs\Microsoft VS Code\bin;C:\Program Files\JetBrains\IntelliJ IDEA Community Edition 2022.2\bin;C:\php;C:\Users\Natan\AppData\Local\ComposerSetup\bin;C:\Users\Natan\AppData\Roaming\Composer\vendor\bin;C:\Users\Natan\go\bin;C:\Users\Natan\.deno\bin;C:\apache-maven-3.9.1\bin;C:\Users\Natan\.dotnet\tools;C:\Users\Natan\AppData\Roaming\nvm;C:\Program Files\nodejs;C:\Gradle\gradle-6.4.1\bin;C:\Users\Natan\AppData\Roaming\npm

Yarn version: 
  1.22.19

Node version: 
  16.20.0

Platform: 
  win32 x64

Trace: 
  Error: https://registry.yarnpkg.com/typescriot: Not found
      at Request.params.callback [as _callback] (C:\Users\Natan\AppData\Roaming\npm\node_modules\yarn\lib\cli.js:66145:18)
      at Request.self.callback (C:\Users\Natan\AppData\Roaming\npm\node_modules\yarn\lib\cli.js:140890:22)
      at Request.emit (node:events:513:28)
      at Request.<anonymous> (C:\Users\Natan\AppData\Roaming\npm\node_modules\yarn\lib\cli.js:141862:10)
      at Request.emit (node:events:513:28)
      at IncomingMessage.<anonymous> (C:\Users\Natan\AppData\Roaming\npm\node_modules\yarn\lib\cli.js:141784:12)
      at Object.onceWrapper (node:events:627:28)
      at IncomingMessage.emit (node:events:525:35)
      at endReadableNT (node:internal/streams/readable:1358:12)
      at processTicksAndRejections (node:internal/process/task_queues:83:21)

npm manifest: 
  {
    "name": "rinha",
    "version": "1.0.0",
    "description": "É A RINHA",
    "main": "index.js",
    "license": "MIT"
  }

yarn manifest: 
  No manifest

Lockfile: 
  No lockfile
